app/build/intermediates/manifest_merge_blame_file/debug/manifest-merger-blame-debug-report.txt
1<?xml version="1.0" encoding="utf-8"?>
2<manifest xmlns:android="http://schemas.android.com/apk/res/android"
3    package="ru.androidarna.androidarnageo"
4    android:versionCode="1"
5    android:versionName="1.0" >
6
7    <uses-sdk
8        android:minSdkVersion="16"
8-->src\main\AndroidManifest.xml
9        android:targetSdkVersion="28" />
9-->src\main\AndroidManifest.xml
10
11    <!-- Although the *SdkVersion is captured in gradle build files, this is required for non gradle builds -->
12    <!-- <uses-sdk android:minSdkVersion="14"/> -->
13    <uses-permission android:name="android.permission.ACCESS_NETWORK_STATE" />
13-->[com.google.firebase:firebase-database:19.3.0] AndroidManifest.xml:25:5-79
13-->[com.google.firebase:firebase-database:19.3.0] AndroidManifest.xml:25:22-76
14    <uses-permission android:name="android.permission.INTERNET" />
14-->[com.google.firebase:firebase-database:19.3.0] AndroidManifest.xml:26:5-67
14-->[com.google.firebase:firebase-database:19.3.0] AndroidManifest.xml:26:22-64
15    <uses-permission android:name="android.permission.WAKE_LOCK" /> <!-- Required by older versions of Google Play services to create IID tokens -->
15-->[com.google.android.gms:play-services-measurement-api:17.2.2] AndroidManifest.xml:24:5-68
15-->[com.google.android.gms:play-services-measurement-api:17.2.2] AndroidManifest.xml:24:22-65
16    <uses-permission android:name="com.google.android.c2dm.permission.RECEIVE" />
16-->[com.google.firebase:firebase-iid:20.0.2] AndroidManifest.xml:26:5-82
16-->[com.google.firebase:firebase-iid:20.0.2] AndroidManifest.xml:26:22-79
17    <uses-permission android:name="com.google.android.finsky.permission.BIND_GET_INSTALL_REFERRER_SERVICE" />
17-->[com.google.android.gms:play-services-measurement:17.2.2] AndroidManifest.xml:26:5-110
17-->[com.google.android.gms:play-services-measurement:17.2.2] AndroidManifest.xml:26:22-107
18
19    <application
19-->src\main\AndroidManifest.xml:5:5-24:19
20        android:allowBackup="true"
20-->src\main\AndroidManifest.xml:6:9-35
21        android:appComponentFactory="androidx.core.app.CoreComponentFactory"
21-->[androidx.core:core:1.1.0] AndroidManifest.xml:24:18-86
22        android:debuggable="true"
23        android:icon="@mipmap/ic_launcher"
23-->src\main\AndroidManifest.xml:7:9-43
24        android:label="@string/app_name"
24-->src\main\AndroidManifest.xml:8:9-41
25        android:roundIcon="@mipmap/ic_launcher_round"
25-->src\main\AndroidManifest.xml:9:9-54
26        android:supportsRtl="true"
26-->src\main\AndroidManifest.xml:10:9-35
27        android:testOnly="true"
28        android:theme="@style/AppTheme" >
28-->src\main\AndroidManifest.xml:11:9-40
29        <activity android:name="ru.androidarna.androidarnageo.Map_Activity" />
29-->src\main\AndroidManifest.xml:12:9-59
29-->src\main\AndroidManifest.xml:12:19-47
30        <activity android:name="ru.androidarna.androidarnageo.MainActivity" >
30-->src\main\AndroidManifest.xml:13:9-19:20
30-->src\main\AndroidManifest.xml:13:19-47
31            <intent-filter>
31-->src\main\AndroidManifest.xml:14:13-18:29
32                <action android:name="android.intent.action.MAIN" />
32-->src\main\AndroidManifest.xml:15:17-69
32-->src\main\AndroidManifest.xml:15:25-66
33
34                <category android:name="android.intent.category.LAUNCHER" />
34-->src\main\AndroidManifest.xml:17:17-77
34-->src\main\AndroidManifest.xml:17:27-74
35            </intent-filter>
36        </activity>
37
38        <meta-data
38-->src\main\AndroidManifest.xml:21:9-23:57
39            android:name="preloaded_fonts"
39-->src\main\AndroidManifest.xml:22:13-43
40            android:resource="@array/preloaded_fonts" />
40-->src\main\AndroidManifest.xml:23:13-54
41
42        <activity
42-->[com.google.firebase:firebase-auth:19.3.1] AndroidManifest.xml:24:9-31:50
43            android:name="com.google.firebase.auth.internal.FederatedSignInActivity"
43-->[com.google.firebase:firebase-auth:19.3.1] AndroidManifest.xml:25:13-85
44            android:excludeFromRecents="true"
44-->[com.google.firebase:firebase-auth:19.3.1] AndroidManifest.xml:26:13-46
45            android:exported="true"
45-->[com.google.firebase:firebase-auth:19.3.1] AndroidManifest.xml:27:13-36
46            android:launchMode="singleTask"
46-->[com.google.firebase:firebase-auth:19.3.1] AndroidManifest.xml:28:13-44
47            android:permission="com.google.firebase.auth.api.gms.permission.LAUNCH_FEDERATED_SIGN_IN"
47-->[com.google.firebase:firebase-auth:19.3.1] AndroidManifest.xml:29:13-102
48            android:theme="@android:style/Theme.Translucent.NoTitleBar" />
48-->[com.google.firebase:firebase-auth:19.3.1] AndroidManifest.xml:30:13-72
49
50        <service
50-->[com.google.firebase:firebase-auth:19.3.1] AndroidManifest.xml:33:9-39:19
51            android:name="com.google.firebase.components.ComponentDiscoveryService"
51-->[com.google.firebase:firebase-auth:19.3.1] AndroidManifest.xml:34:13-84
52            android:directBootAware="true"
52-->[com.google.firebase:firebase-common:19.3.0] AndroidManifest.xml:34:13-43
53            android:exported="false" >
53-->[com.google.firebase:firebase-auth:19.3.1] AndroidManifest.xml:35:13-37
54            <meta-data
54-->[com.google.firebase:firebase-auth:19.3.1] AndroidManifest.xml:36:13-38:85
55                android:name="com.google.firebase.components:com.google.firebase.auth.FirebaseAuthRegistrar"
55-->[com.google.firebase:firebase-auth:19.3.1] AndroidManifest.xml:37:17-109
56                android:value="com.google.firebase.components.ComponentRegistrar" />
56-->[com.google.firebase:firebase-auth:19.3.1] AndroidManifest.xml:38:17-82
57            <meta-data
57-->[com.google.firebase:firebase-database:19.3.0] AndroidManifest.xml:32:13-34:85
58                android:name="com.google.firebase.components:com.google.firebase.database.DatabaseRegistrar"
58-->[com.google.firebase:firebase-database:19.3.0] AndroidManifest.xml:33:17-109
59                android:value="com.google.firebase.components.ComponentRegistrar" />
59-->[com.google.firebase:firebase-database:19.3.0] AndroidManifest.xml:34:17-82
60            <meta-data
60-->[com.google.android.gms:play-services-measurement-api:17.2.2] AndroidManifest.xml:30:13-32:85
61                android:name="com.google.firebase.components:com.google.firebase.analytics.connector.internal.AnalyticsConnectorRegistrar"
61-->[com.google.android.gms:play-services-measurement-api:17.2.2] AndroidManifest.xml:31:17-139
62                android:value="com.google.firebase.components.ComponentRegistrar" />
62-->[com.google.android.gms:play-services-measurement-api:17.2.2] AndroidManifest.xml:32:17-82
63            <meta-data
63-->[com.google.firebase:firebase-iid:20.0.2] AndroidManifest.xml:32:13-34:85
64                android:name="com.google.firebase.components:com.google.firebase.iid.Registrar"
64-->[com.google.firebase:firebase-iid:20.0.2] AndroidManifest.xml:33:17-96
65                android:value="com.google.firebase.components.ComponentRegistrar" />
65-->[com.google.firebase:firebase-iid:20.0.2] AndroidManifest.xml:34:17-82
66        </service>
67
68        <receiver
68-->[com.google.firebase:firebase-iid:20.0.2] AndroidManifest.xml:37:9-44:20
69            android:name="com.google.firebase.iid.FirebaseInstanceIdReceiver"
69-->[com.google.firebase:firebase-iid:20.0.2] AndroidManifest.xml:38:13-78
70            android:exported="true"
70-->[com.google.firebase:firebase-iid:20.0.2] AndroidManifest.xml:39:13-36
71            android:permission="com.google.android.c2dm.permission.SEND" >
71-->[com.google.firebase:firebase-iid:20.0.2] AndroidManifest.xml:40:13-73
72            <intent-filter>
72-->[com.google.firebase:firebase-iid:20.0.2] AndroidManifest.xml:41:13-43:29
73                <action android:name="com.google.android.c2dm.intent.RECEIVE" />
73-->[com.google.firebase:firebase-iid:20.0.2] AndroidManifest.xml:42:17-81
73-->[com.google.firebase:firebase-iid:20.0.2] AndroidManifest.xml:42:25-78
74            </intent-filter>
75        </receiver>
76
77        <activity
77-->[com.google.android.gms:play-services-base:17.1.0] AndroidManifest.xml:23:9-26:75
78            android:name="com.google.android.gms.common.api.GoogleApiActivity"
78-->[com.google.android.gms:play-services-base:17.1.0] AndroidManifest.xml:24:13-79
79            android:exported="false"
79-->[com.google.android.gms:play-services-base:17.1.0] AndroidManifest.xml:25:13-37
80            android:theme="@android:style/Theme.Translucent.NoTitleBar" />
80-->[com.google.android.gms:play-services-base:17.1.0] AndroidManifest.xml:26:13-72
81
82        <receiver
82-->[com.google.android.gms:play-services-measurement:17.2.2] AndroidManifest.xml:29:9-33:20
83            android:name="com.google.android.gms.measurement.AppMeasurementReceiver"
83-->[com.google.android.gms:play-services-measurement:17.2.2] AndroidManifest.xml:30:13-85
84            android:enabled="true"
84-->[com.google.android.gms:play-services-measurement:17.2.2] AndroidManifest.xml:31:13-35
85            android:exported="false" >
85-->[com.google.android.gms:play-services-measurement:17.2.2] AndroidManifest.xml:32:13-37
86        </receiver>
87        <receiver
87-->[com.google.android.gms:play-services-measurement:17.2.2] AndroidManifest.xml:34:9-42:20
88            android:name="com.google.android.gms.measurement.AppMeasurementInstallReferrerReceiver"
88-->[com.google.android.gms:play-services-measurement:17.2.2] AndroidManifest.xml:35:13-100
89            android:enabled="true"
89-->[com.google.android.gms:play-services-measurement:17.2.2] AndroidManifest.xml:36:13-35
90            android:exported="true"
90-->[com.google.android.gms:play-services-measurement:17.2.2] AndroidManifest.xml:37:13-36
91            android:permission="android.permission.INSTALL_PACKAGES" >
91-->[com.google.android.gms:play-services-measurement:17.2.2] AndroidManifest.xml:38:13-69
92            <intent-filter>
92-->[com.google.android.gms:play-services-measurement:17.2.2] AndroidManifest.xml:39:13-41:29
93                <action android:name="com.android.vending.INSTALL_REFERRER" />
93-->[com.google.android.gms:play-services-measurement:17.2.2] AndroidManifest.xml:40:17-79
93-->[com.google.android.gms:play-services-measurement:17.2.2] AndroidManifest.xml:40:25-76
94            </intent-filter>
95        </receiver>
96
97        <service
97-->[com.google.android.gms:play-services-measurement:17.2.2] AndroidManifest.xml:44:9-47:40
98            android:name="com.google.android.gms.measurement.AppMeasurementService"
98-->[com.google.android.gms:play-services-measurement:17.2.2] AndroidManifest.xml:45:13-84
99            android:enabled="true"
99-->[com.google.android.gms:play-services-measurement:17.2.2] AndroidManifest.xml:46:13-35
100            android:exported="false" />
100-->[com.google.android.gms:play-services-measurement:17.2.2] AndroidManifest.xml:47:13-37
101        <service
101-->[com.google.android.gms:play-services-measurement:17.2.2] AndroidManifest.xml:48:9-52:72
102            android:name="com.google.android.gms.measurement.AppMeasurementJobService"
102-->[com.google.android.gms:play-services-measurement:17.2.2] AndroidManifest.xml:49:13-87
103            android:enabled="true"
103-->[com.google.android.gms:play-services-measurement:17.2.2] AndroidManifest.xml:50:13-35
104            android:exported="false"
104-->[com.google.android.gms:play-services-measurement:17.2.2] AndroidManifest.xml:51:13-37
105            android:permission="android.permission.BIND_JOB_SERVICE" />
105-->[com.google.android.gms:play-services-measurement:17.2.2] AndroidManifest.xml:52:13-69
106
107        <provider
107-->[com.google.firebase:firebase-common:19.3.0] AndroidManifest.xml:26:9-30:39
108            android:name="com.google.firebase.provider.FirebaseInitProvider"
108-->[com.google.firebase:firebase-common:19.3.0] AndroidManifest.xml:27:13-77
109            android:authorities="ru.androidarna.androidarnageo.firebaseinitprovider"
109-->[com.google.firebase:firebase-common:19.3.0] AndroidManifest.xml:28:13-72
110            android:exported="false"
110-->[com.google.firebase:firebase-common:19.3.0] AndroidManifest.xml:29:13-37
111            android:initOrder="100" />
111-->[com.google.firebase:firebase-common:19.3.0] AndroidManifest.xml:30:13-36
112
113        <meta-data
113-->[com.google.android.gms:play-services-basement:17.0.0] AndroidManifest.xml:23:9-25:69
114            android:name="com.google.android.gms.version"
114-->[com.google.android.gms:play-services-basement:17.0.0] AndroidManifest.xml:24:13-58
115            android:value="@integer/google_play_services_version" />
115-->[com.google.android.gms:play-services-basement:17.0.0] AndroidManifest.xml:25:13-66
116    </application>
117
118</manifest>